<?xml version="1.0" encoding="UTF-8"?>
<coverage generated="1655420239805" clover="3.2.0">
  <project timestamp="1655420239805" name="All files">
    <metrics statements="49" coveredstatements="49" conditionals="7" coveredconditionals="7" methods="15" coveredmethods="15" elements="71" coveredelements="71" complexity="0" loc="49" ncloc="49" packages="4" files="5" classes="5"/>
    <package name="controllers">
      <metrics statements="24" coveredstatements="24" conditionals="4" coveredconditionals="4" methods="5" coveredmethods="5"/>
      <file name="signUp.ts" path="/Users/franciscogoncalves/Projetos/clean-node/src/presentation/controllers/signUp.ts">
        <metrics statements="24" coveredstatements="24" conditionals="4" coveredconditionals="4" methods="5" coveredmethods="5"/>
        <line num="2" count="1" type="stmt"/>
        <line num="3" count="1" type="stmt"/>
        <line num="4" count="1" type="stmt"/>
        <line num="10" count="1" type="stmt"/>
        <line num="12" count="9" type="stmt"/>
        <line num="13" count="9" type="stmt"/>
        <line num="15" count="9" type="stmt"/>
        <line num="16" count="9" type="stmt"/>
        <line num="20" count="9" type="stmt"/>
        <line num="21" count="9" type="stmt"/>
        <line num="22" count="4" type="stmt"/>
        <line num="23" count="3" type="stmt"/>
        <line num="25" count="2" type="stmt"/>
        <line num="30" count="2" type="stmt"/>
        <line num="31" count="2" type="stmt"/>
        <line num="33" count="7" type="stmt"/>
        <line num="38" count="1" type="stmt"/>
        <line num="39" count="9" type="stmt"/>
        <line num="44" count="36" type="stmt"/>
        <line num="46" count="9" type="cond" truecount="2" falsecount="0"/>
        <line num="49" count="1" type="stmt"/>
        <line num="54" count="3" type="stmt"/>
        <line num="56" count="3" type="cond" truecount="2" falsecount="0"/>
        <line num="57" count="1" type="stmt"/>
      </file>
    </package>
    <package name="errors">
      <metrics statements="6" coveredstatements="6" conditionals="0" coveredconditionals="0" methods="2" coveredmethods="2"/>
      <file name="invalid-params.ts" path="/Users/franciscogoncalves/Projetos/clean-node/src/presentation/errors/invalid-params.ts">
        <metrics statements="3" coveredstatements="3" conditionals="0" coveredconditionals="0" methods="1" coveredmethods="1"/>
        <line num="1" count="1" type="stmt"/>
        <line num="3" count="4" type="stmt"/>
        <line num="4" count="4" type="stmt"/>
      </file>
      <file name="missing-params.ts" path="/Users/franciscogoncalves/Projetos/clean-node/src/presentation/errors/missing-params.ts">
        <metrics statements="3" coveredstatements="3" conditionals="0" coveredconditionals="0" methods="1" coveredmethods="1"/>
        <line num="1" count="1" type="stmt"/>
        <line num="3" count="10" type="stmt"/>
        <line num="4" count="10" type="stmt"/>
      </file>
    </package>
    <package name="helpers">
      <metrics statements="2" coveredstatements="2" conditionals="0" coveredconditionals="0" methods="2" coveredmethods="2"/>
      <file name="http-helper.ts" path="/Users/franciscogoncalves/Projetos/clean-node/src/presentation/helpers/http-helper.ts">
        <metrics statements="2" coveredstatements="2" conditionals="0" coveredconditionals="0" methods="2" coveredmethods="2"/>
        <line num="3" count="7" type="stmt"/>
        <line num="8" count="2" type="stmt"/>
      </file>
    </package>
    <package name="mocks">
      <metrics statements="17" coveredstatements="17" conditionals="3" coveredconditionals="3" methods="6" coveredmethods="6"/>
      <file name="make-signUpController.ts" path="/Users/franciscogoncalves/Projetos/clean-node/src/presentation/mocks/make-signUpController.ts">
        <metrics statements="17" coveredstatements="17" conditionals="3" coveredconditionals="3" methods="6" coveredmethods="6"/>
        <line num="3" count="1" type="stmt"/>
        <line num="4" count="1" type="stmt"/>
        <line num="23" count="1" type="stmt"/>
        <line num="30" count="1" type="stmt"/>
        <line num="34" count="9" type="stmt"/>
        <line num="39" count="9" type="stmt"/>
        <line num="40" count="9" type="stmt"/>
        <line num="41" count="9" type="stmt"/>
        <line num="46" count="9" type="stmt"/>
        <line num="49" count="1" type="stmt"/>
        <line num="52" count="4" type="cond" truecount="2" falsecount="0"/>
        <line num="53" count="1" type="stmt"/>
        <line num="57" count="9" type="stmt"/>
        <line num="60" count="1" type="stmt"/>
        <line num="63" count="2" type="stmt"/>
        <line num="66" count="2" type="stmt"/>
        <line num="69" count="9" type="stmt"/>
      </file>
    </package>
  </project>
</coverage>
