TN:
SF:/Users/franciscogoncalves/Projetos/clean-node/src/presentation/controllers/signUp.ts
FN:11,(anonymous_0)
FN:19,(anonymous_1)
FN:38,(anonymous_2)
FN:44,(anonymous_3)
FN:49,(anonymous_4)
FNF:5
FNH:5
FNDA:9,(anonymous_0)
FNDA:9,(anonymous_1)
FNDA:9,(anonymous_2)
FNDA:36,(anonymous_3)
FNDA:3,(anonymous_4)
DA:2,1
DA:3,1
DA:4,1
DA:10,1
DA:12,9
DA:13,9
DA:15,9
DA:16,9
DA:20,9
DA:21,9
DA:22,4
DA:23,3
DA:25,2
DA:30,2
DA:31,2
DA:33,7
DA:38,1
DA:39,9
DA:44,36
DA:46,9
DA:49,1
DA:54,3
DA:56,3
DA:57,1
LF:24
LH:24
BRDA:46,0,0,5
BRDA:46,0,1,4
BRDA:56,1,0,1
BRDA:56,1,1,2
BRF:4
BRH:4
end_of_record
TN:
SF:/Users/franciscogoncalves/Projetos/clean-node/src/presentation/errors/invalid-params.ts
FN:2,(anonymous_0)
FNF:1
FNH:1
FNDA:4,(anonymous_0)
DA:1,1
DA:3,4
DA:4,4
LF:3
LH:3
BRF:0
BRH:0
end_of_record
TN:
SF:/Users/franciscogoncalves/Projetos/clean-node/src/presentation/errors/missing-params.ts
FN:2,(anonymous_0)
FNF:1
FNH:1
FNDA:10,(anonymous_0)
DA:1,1
DA:3,10
DA:4,10
LF:3
LH:3
BRF:0
BRH:0
end_of_record
TN:
SF:/Users/franciscogoncalves/Projetos/clean-node/src/presentation/helpers/http-helper.ts
FN:3,(anonymous_0)
FN:8,(anonymous_1)
FNF:2
FNH:2
FNDA:7,(anonymous_0)
FNDA:2,(anonymous_1)
DA:3,7
DA:8,2
LF:2
LH:2
BRF:0
BRH:0
end_of_record
TN:
SF:/Users/franciscogoncalves/Projetos/clean-node/src/presentation/mocks/make-signUpController.ts
FN:30,(anonymous_0)
FN:49,(anonymous_1)
FN:51,(anonymous_2)
FN:60,(anonymous_3)
FN:62,(anonymous_4)
FN:66,(anonymous_5)
FNF:6
FNH:6
FNDA:9,(anonymous_0)
FNDA:9,(anonymous_1)
FNDA:4,(anonymous_2)
FNDA:9,(anonymous_3)
FNDA:2,(anonymous_4)
FNDA:2,(anonymous_5)
DA:3,1
DA:4,1
DA:23,1
DA:30,1
DA:34,9
DA:39,9
DA:40,9
DA:41,9
DA:46,9
DA:49,1
DA:52,4
DA:53,1
DA:57,9
DA:60,1
DA:63,2
DA:66,2
DA:69,9
LF:17
LH:17
BRDA:31,0,0,2
BRDA:52,1,0,1
BRDA:52,1,1,3
BRF:3
BRH:3
end_of_record
